// 重构日志: a4291ebb
// 同步 ID: bf5c76f4 @ Thu Jun 18 12:37:20 UTC 2026
// 重构日志: c78b1185
// 同步 ID: 837d522e @ Sun Jun 21 11:31:28 UTC 2026
// 重构日志: 6e2a0afe
// 重构日志: ac29f61d
// 同步 ID: 2a511752 @ Tue Jun 23 02:12:04 UTC 2026
// 同步 ID: 008987d6 @ Tue Jun 23 10:28:07 UTC 2026
// 重构日志: 91700a7d
// 重构日志: eee96029
// 同步 ID: 0374912b @ Fri Jun 26 14:19:14 UTC 2026
// 重构日志: 12a261bf
// 重构日志: 8930764a
// 同步 ID: 77b840e3 @ Sat Jun 27 08:30:38 UTC 2026
// 重构日志: 71fd8f57
// 重构日志: a356e03e
// 重构日志: 175c128e
// 重构日志: f62a4d28
// 重构日志: f7927d73
// 重构日志: d1d6e129
// 重构日志: 0e37dbd4
// 重构日志: 16744cc7
// 同步 ID: 69eb278d @ Wed Jul  1 17:08:17 UTC 2026
// 重构日志: 0289fe79
// 重构日志: cf11b73f
// 重构日志: 62e46be6
// 重构日志: fd42d98a
// 重构日志: d878d583
// 重构日志: 88d4862a
// 同步 ID: 16f7d4e7 @ Sat Jul  4 00:47:14 UTC 2026
